  Bat.cpp
  BlackLeopard.cpp
c:\users\thien\desktop\castlevania\castlevania\blackleopard.cpp(76): warning C4018: '<': signed/unsigned mismatch
  BreakWall.cpp
  Bulles.cpp
c:\users\thien\desktop\castlevania\castlevania\bulles.cpp(34): warning C4305: '=': truncation from 'double' to 'float'
c:\users\thien\desktop\castlevania\castlevania\bulles.cpp(35): warning C4305: '=': truncation from 'double' to 'float'
c:\users\thien\desktop\castlevania\castlevania\bulles.cpp(41): warning C4305: '=': truncation from 'double' to 'float'
c:\users\thien\desktop\castlevania\castlevania\bulles.cpp(42): warning C4305: '=': truncation from 'double' to 'float'
c:\users\thien\desktop\castlevania\castlevania\bulles.cpp(48): warning C4305: '=': truncation from 'double' to 'float'
c:\users\thien\desktop\castlevania\castlevania\bulles.cpp(49): warning C4305: '=': truncation from 'double' to 'float'
  Candle.cpp
  Door.cpp
  Enemy.cpp
c:\users\thien\desktop\castlevania\castlevania\enemy.cpp(37): warning C4018: '>=': signed/unsigned mismatch
  FireBall.cpp
  FishMan.cpp
c:\users\thien\desktop\castlevania\castlevania\fishman.cpp(101): warning C4018: '<': signed/unsigned mismatch
  Game.cpp
  c:\program files (x86)\microsoft directx sdk (june 2010)\include\dinput.h: DIRECTINPUT_VERSION undefined. Defaulting to version 0x0800
c:\users\thien\desktop\castlevania\castlevania\define.h(17): warning C4005: 'DIRECTINPUT_VERSION': macro redefinition
  c:\program files (x86)\microsoft directx sdk (june 2010)\include\dinput.h(42): note: see previous definition of 'DIRECTINPUT_VERSION'
c:\users\thien\desktop\castlevania\castlevania\game.cpp(142): warning C4244: 'argument': conversion from 'int' to 'FLOAT', possible loss of data
  GameObject.cpp
c:\users\thien\desktop\castlevania\castlevania\gameobject.cpp(93): warning C4305: '=': truncation from '__int64' to 'float'
c:\users\thien\desktop\castlevania\castlevania\gameobject.cpp(94): warning C4305: '=': truncation from '__int64' to 'float'
c:\users\thien\desktop\castlevania\castlevania\gameobject.cpp(104): warning C4305: '=': truncation from '__int64' to 'float'
c:\users\thien\desktop\castlevania\castlevania\gameobject.cpp(105): warning C4305: '=': truncation from '__int64' to 'float'
  Grid.cpp
c:\users\thien\desktop\castlevania\castlevania\grid.cpp(66): warning C4244: 'initializing': conversion from 'float' to 'int', possible loss of data
  Ground.cpp
  Input.cpp
  c:\program files (x86)\microsoft directx sdk (june 2010)\include\dinput.h: DIRECTINPUT_VERSION undefined. Defaulting to version 0x0800
c:\users\thien\desktop\castlevania\castlevania\define.h(17): warning C4005: 'DIRECTINPUT_VERSION': macro redefinition
  c:\program files (x86)\microsoft directx sdk (june 2010)\include\dinput.h(42): note: see previous definition of 'DIRECTINPUT_VERSION'
c:\users\thien\desktop\castlevania\castlevania\timer.h(15): warning C4018: '>': signed/unsigned mismatch
c:\users\thien\desktop\castlevania\castlevania\input.cpp(295): warning C4244: 'argument': conversion from 'int' to 'float', possible loss of data
c:\users\thien\desktop\castlevania\castlevania\input.cpp(343): warning C4244: 'argument': conversion from 'int' to 'float', possible loss of data
  NextSceneObject.cpp
  Scenes.cpp
  c:\program files (x86)\microsoft directx sdk (june 2010)\include\dinput.h: DIRECTINPUT_VERSION undefined. Defaulting to version 0x0800
c:\users\thien\desktop\castlevania\castlevania\define.h(17): warning C4005: 'DIRECTINPUT_VERSION': macro redefinition
  c:\program files (x86)\microsoft directx sdk (june 2010)\include\dinput.h(42): note: see previous definition of 'DIRECTINPUT_VERSION'
c:\users\thien\desktop\castlevania\castlevania\timer.h(15): warning C4018: '>': signed/unsigned mismatch
c:\users\thien\desktop\castlevania\castlevania\scenes.cpp(399): warning C4018: '<': signed/unsigned mismatch
c:\users\thien\desktop\castlevania\castlevania\scenes.cpp(894): warning C4018: '<': signed/unsigned mismatch
  Simon.cpp
c:\users\thien\desktop\castlevania\castlevania\timer.h(15): warning C4018: '>': signed/unsigned mismatch
c:\users\thien\desktop\castlevania\castlevania\simon.cpp(477): warning C4244: '=': conversion from 'float' to 'int', possible loss of data
c:\users\thien\desktop\castlevania\castlevania\simon.cpp(479): warning C4244: 'argument': conversion from 'int' to 'float', possible loss of data
c:\users\thien\desktop\castlevania\castlevania\simon.cpp(502): warning C4244: '=': conversion from 'float' to 'int', possible loss of data
c:\users\thien\desktop\castlevania\castlevania\simon.cpp(504): warning C4244: 'argument': conversion from 'int' to 'float', possible loss of data
  Sprites.cpp
  c:\program files (x86)\microsoft directx sdk (june 2010)\include\dinput.h: DIRECTINPUT_VERSION undefined. Defaulting to version 0x0800
c:\users\thien\desktop\castlevania\castlevania\define.h(17): warning C4005: 'DIRECTINPUT_VERSION': macro redefinition
  c:\program files (x86)\microsoft directx sdk (june 2010)\include\dinput.h(42): note: see previous definition of 'DIRECTINPUT_VERSION'
c:\users\thien\desktop\castlevania\castlevania\sprites.cpp(51): warning C4101: 'a': unreferenced local variable
c:\users\thien\desktop\castlevania\castlevania\sprites.cpp(72): warning C4018: '>=': signed/unsigned mismatch
  Stair.cpp
  Textures.cpp
  c:\program files (x86)\microsoft directx sdk (june 2010)\include\dinput.h: DIRECTINPUT_VERSION undefined. Defaulting to version 0x0800
c:\users\thien\desktop\castlevania\castlevania\define.h(17): warning C4005: 'DIRECTINPUT_VERSION': macro redefinition
  c:\program files (x86)\microsoft directx sdk (june 2010)\include\dinput.h(42): note: see previous definition of 'DIRECTINPUT_VERSION'
  Generating Code...
c:\users\thien\desktop\castlevania\castlevania\simon.cpp(399): warning C4715: 'Simon::CheckCollisionWithItem': not all control paths return a value
  Compiling...
  TileMap.cpp
  c:\program files (x86)\microsoft directx sdk (june 2010)\include\dinput.h: DIRECTINPUT_VERSION undefined. Defaulting to version 0x0800
c:\users\thien\desktop\castlevania\castlevania\define.h(17): warning C4005: 'DIRECTINPUT_VERSION': macro redefinition
  c:\program files (x86)\microsoft directx sdk (june 2010)\include\dinput.h(42): note: see previous definition of 'DIRECTINPUT_VERSION'
c:\users\thien\desktop\castlevania\castlevania\tilemap.cpp(47): warning C4018: '<': signed/unsigned mismatch
c:\users\thien\desktop\castlevania\castlevania\tilemap.cpp(49): warning C4018: '<': signed/unsigned mismatch
c:\users\thien\desktop\castlevania\castlevania\tilemap.cpp(96): warning C4018: '<': signed/unsigned mismatch
c:\users\thien\desktop\castlevania\castlevania\tilemap.cpp(98): warning C4018: '<=': signed/unsigned mismatch
c:\users\thien\desktop\castlevania\castlevania\tilemap.cpp(102): warning C4244: 'initializing': conversion from 'UINT' to 'float', possible loss of data
  WallPieces.cpp
  Water.cpp
  Weapons.cpp
c:\users\thien\desktop\castlevania\castlevania\timer.h(15): warning C4018: '>': signed/unsigned mismatch
c:\users\thien\desktop\castlevania\castlevania\weapons.cpp(130): warning C4018: '<': signed/unsigned mismatch
  Whip.cpp
  Zombie.cpp
c:\users\thien\desktop\castlevania\castlevania\zombie.cpp(60): warning C4018: '<': signed/unsigned mismatch
  items.cpp
c:\users\thien\desktop\castlevania\castlevania\timer.h(15): warning C4018: '>': signed/unsigned mismatch
c:\users\thien\desktop\castlevania\castlevania\items.cpp(95): warning C4018: '<': signed/unsigned mismatch
  main.cpp
c:\users\thien\desktop\castlevania\castlevania\timer.h(15): warning C4018: '>': signed/unsigned mismatch
  Generating Code...
  Castlevania.vcxproj -> C:\Users\thien\Desktop\CastleVania\Debug\Castlevania.exe
